<?xml version="1.0" encoding="UTF-8"?>
<!-- Generated by org.testng.reporters.JUnitReportReporter -->
<testsuite skipped="0" hostname="TJ" name="testCases.First" tests="1" failures="0" timestamp="2021-07-22T06:52:56 IST" time="6.254" errors="0">
  <testcase name="tc1" time="6.254" classname="testCases.First"/>
  <system-out/>
</testsuite> <!-- testCases.First -->
