<?xml version="1.0" encoding="UTF-8"?>
<!-- Generated by org.testng.reporters.JUnitReportReporter -->
<testsuite skipped="0" hostname="TJ" name="baseSetup.Base" tests="1" failures="0" timestamp="2021-07-20T06:43:37 IST" time="5.126" errors="0">
  <testcase name="getDriver" time="5.126" classname="baseSetup.Base"/>
  <system-out/>
</testsuite> <!-- baseSetup.Base -->
